{"uuid":"72e4eb31-6097-4d19-9b6d-d25c13ffda72","historyId":"34c774827b5d7c78d44ebefe1dc0e85f","fullName":"Тестирование подбора телефона по параметрам на сайте DNS: Тестирование выбора сматрфона по параметрам","labels":[{"name":"tag","value":"Test"},{"name":"host","value":"korobasik2070"},{"name":"thread","value":"34144@korobasik2070.main(1)"},{"name":"feature","value":"Тестирование подбора телефона по параметрам на сайте DNS"},{"name":"story","value":"Тестирование выбора сматрфона по параметрам"},{"name":"suite","value":"Тестирование подбора телефона по параметрам на сайте DNS"},{"name":"testClass","value":"Тестирование выбора сматрфона по параметрам"},{"name":"framework","value":"cucumber4jvm"},{"name":"language","value":"java"},{"name":"gherkin_uri","value":"file:///C:/Users/Korobasik/IdeaProjects/TestTaskFromLanit/src/test/resources/scenarios/testsScenarios.feature"},{"name":"package","value":"src.test.resources.scenarios.testsScenarios_feature.Тестирование подбора телефона по параметрам на сайте DNS"}],"links":[],"name":"Тестирование выбора сматрфона по параметрам","status":"broken","statusDetails":{"known":false,"muted":false,"flaky":false,"message":"Unable to locate element: //div[text()=' Samsung']\nFor documentation on this error, please visit: https://selenium.dev/exceptions/#no_such_element\nBuild info: version: '4.3.0', revision: 'a4995e2c09*'\nSystem info: host: 'KOROBASIK2070', ip: '192.168.88.111', os.name: 'Windows 10', os.arch: 'amd64', os.version: '10.0', java.version: '1.8.0_322'\nDriver info: org.openqa.selenium.firefox.FirefoxDriver\nCommand: [25bac285-817e-44f1-a259-46fa6bcf41be, findChildElement {id=1c93b784-a67c-4355-8f78-a4ea1cf2e072, using=xpath, value=//div[text()=' Samsung']}]\nCapabilities {acceptInsecureCerts: true, browserName: firefox, browserVersion: 103.0.1, moz:accessibilityChecks: false, moz:buildID: 20220729222726, moz:debuggerAddress: localhost:62028, moz:geckodriverVersion: 0.31.0, moz:headless: false, moz:platformVersion: 10.0, moz:processID: 35832, moz:profile: C:\\Users\\KOROBA~1\\AppData\\L..., moz:shutdownTimeout: 60000, moz:useNonSpecCompliantPointerOrigin: false, moz:webdriverClick: true, moz:windowless: false, pageLoadStrategy: normal, platformName: WINDOWS, proxy: Proxy(), se:cdp: ws://localhost:62028/devtoo..., se:cdpVersion: 85.0, setWindowRect: true, strictFileInteractability: false, timeouts: {implicit: 0, pageLoad: 300000, script: 30000}, unhandledPromptBehavior: dismiss and notify}\nSession ID: 25bac285-817e-44f1-a259-46fa6bcf41be","trace":"org.openqa.selenium.NoSuchElementException: Unable to locate element: //div[text()=' Samsung']\nFor documentation on this error, please visit: https://selenium.dev/exceptions/#no_such_element\nBuild info: version: '4.3.0', revision: 'a4995e2c09*'\nSystem info: host: 'KOROBASIK2070', ip: '192.168.88.111', os.name: 'Windows 10', os.arch: 'amd64', os.version: '10.0', java.version: '1.8.0_322'\nDriver info: org.openqa.selenium.firefox.FirefoxDriver\nCommand: [25bac285-817e-44f1-a259-46fa6bcf41be, findChildElement {id=1c93b784-a67c-4355-8f78-a4ea1cf2e072, using=xpath, value=//div[text()=' Samsung']}]\nCapabilities {acceptInsecureCerts: true, browserName: firefox, browserVersion: 103.0.1, moz:accessibilityChecks: false, moz:buildID: 20220729222726, moz:debuggerAddress: localhost:62028, moz:geckodriverVersion: 0.31.0, moz:headless: false, moz:platformVersion: 10.0, moz:processID: 35832, moz:profile: C:\\Users\\KOROBA~1\\AppData\\L..., moz:shutdownTimeout: 60000, moz:useNonSpecCompliantPointerOrigin: false, moz:webdriverClick: true, moz:windowless: false, pageLoadStrategy: normal, platformName: WINDOWS, proxy: Proxy(), se:cdp: ws://localhost:62028/devtoo..., se:cdpVersion: 85.0, setWindowRect: true, strictFileInteractability: false, timeouts: {implicit: 0, pageLoad: 300000, script: 30000}, unhandledPromptBehavior: dismiss and notify}\nSession ID: 25bac285-817e-44f1-a259-46fa6bcf41be\r\n\tat sun.reflect.NativeConstructorAccessorImpl.newInstance0(Native Method)\r\n\tat sun.reflect.NativeConstructorAccessorImpl.newInstance(NativeConstructorAccessorImpl.java:62)\r\n\tat sun.reflect.DelegatingConstructorAccessorImpl.newInstance(DelegatingConstructorAccessorImpl.java:45)\r\n\tat java.lang.reflect.Constructor.newInstance(Constructor.java:423)\r\n\tat org.openqa.selenium.remote.codec.w3c.W3CHttpResponseCodec.createException(W3CHttpResponseCodec.java:200)\r\n\tat org.openqa.selenium.remote.codec.w3c.W3CHttpResponseCodec.decode(W3CHttpResponseCodec.java:133)\r\n\tat org.openqa.selenium.remote.codec.w3c.W3CHttpResponseCodec.decode(W3CHttpResponseCodec.java:53)\r\n\tat org.openqa.selenium.remote.HttpCommandExecutor.execute(HttpCommandExecutor.java:184)\r\n\tat org.openqa.selenium.remote.service.DriverCommandExecutor.invokeExecute(DriverCommandExecutor.java:167)\r\n\tat org.openqa.selenium.remote.service.DriverCommandExecutor.execute(DriverCommandExecutor.java:142)\r\n\tat org.openqa.selenium.remote.RemoteWebDriver.execute(RemoteWebDriver.java:569)\r\n\tat org.openqa.selenium.remote.ElementLocation$ElementFinder$2.findElement(ElementLocation.java:162)\r\n\tat org.openqa.selenium.remote.ElementLocation.findElement(ElementLocation.java:60)\r\n\tat org.openqa.selenium.remote.RemoteWebDriver.findElement(RemoteWebDriver.java:387)\r\n\tat org.openqa.selenium.remote.RemoteWebElement.findElement(RemoteWebElement.java:227)\r\n\tat pageSteps.ProductPage.performanceComparison(ProductPage.java:35)\r\n\tat ✽.Выполнить проверки данных в разделе Характеристики по \"Модель\" -> \"Samsung\"(file:///C:/Users/Korobasik/IdeaProjects/TestTaskFromLanit/src/test/resources/scenarios/testsScenarios.feature:26)\r\n"},"stage":"finished","steps":[{"name":"When  Открываем сайт \"https://www.dns-shop.ru\"","status":"passed","statusDetails":{"known":false,"muted":false,"flaky":false},"stage":"finished","steps":[],"attachments":[],"parameters":[],"start":1660015538501,"stop":1660015541811},{"name":"When  Переходим в раздел \"Смартфоны и гаджеты\" -> \"Смартфоны\"","status":"passed","statusDetails":{"known":false,"muted":false,"flaky":false},"stage":"finished","steps":[],"attachments":[],"parameters":[],"start":1660015541812,"stop":1660015549311},{"name":"When  Отфильтровать список смартфонов по \"Производитель\" -> \"Apple\"","status":"passed","statusDetails":{"known":false,"muted":false,"flaky":false},"stage":"finished","steps":[],"attachments":[],"parameters":[],"start":1660015549312,"stop":1660015560354},{"name":"When  Отфильтровать список смартфонов по \"Объем оперативной памяти\" -> \"4 Гб\"","status":"passed","statusDetails":{"known":false,"muted":false,"flaky":false},"stage":"finished","steps":[],"attachments":[],"parameters":[],"start":1660015560354,"stop":1660015561100},{"name":"When  Принять фильтры","status":"passed","statusDetails":{"known":false,"muted":false,"flaky":false},"stage":"finished","steps":[],"attachments":[],"parameters":[],"start":1660015561100,"stop":1660015561350},{"name":"When  Отсортировать список смартфонов \"Сначала дорогие\"","status":"passed","statusDetails":{"known":false,"muted":false,"flaky":false},"stage":"finished","steps":[],"attachments":[],"parameters":[],"start":1660015561350,"stop":1660015571882},{"name":"When  Выбрать первый смартфон в списке и перейти на страницу товара","status":"passed","statusDetails":{"known":false,"muted":false,"flaky":false},"stage":"finished","steps":[],"attachments":[],"parameters":[],"start":1660015571883,"stop":1660015585987},{"name":"When  Выполнить проверки данных в разделе Характеристики по \"Объем оперативной памяти\" -> \"4 Гб\"","status":"passed","statusDetails":{"known":false,"muted":false,"flaky":false},"stage":"finished","steps":[],"attachments":[],"parameters":[],"start":1660015585987,"stop":1660015586369},{"name":"When  Выполнить проверки данных в разделе Характеристики по \"Модель\" -> \"Samsung\"","status":"broken","statusDetails":{"known":false,"muted":false,"flaky":false,"message":"Unable to locate element: //div[text()=' Samsung']\nFor documentation on this error, please visit: https://selenium.dev/exceptions/#no_such_element\nBuild info: version: '4.3.0', revision: 'a4995e2c09*'\nSystem info: host: 'KOROBASIK2070', ip: '192.168.88.111', os.name: 'Windows 10', os.arch: 'amd64', os.version: '10.0', java.version: '1.8.0_322'\nDriver info: org.openqa.selenium.firefox.FirefoxDriver\nCommand: [25bac285-817e-44f1-a259-46fa6bcf41be, findChildElement {id=1c93b784-a67c-4355-8f78-a4ea1cf2e072, using=xpath, value=//div[text()=' Samsung']}]\nCapabilities {acceptInsecureCerts: true, browserName: firefox, browserVersion: 103.0.1, moz:accessibilityChecks: false, moz:buildID: 20220729222726, moz:debuggerAddress: localhost:62028, moz:geckodriverVersion: 0.31.0, moz:headless: false, moz:platformVersion: 10.0, moz:processID: 35832, moz:profile: C:\\Users\\KOROBA~1\\AppData\\L..., moz:shutdownTimeout: 60000, moz:useNonSpecCompliantPointerOrigin: false, moz:webdriverClick: true, moz:windowless: false, pageLoadStrategy: normal, platformName: WINDOWS, proxy: Proxy(), se:cdp: ws://localhost:62028/devtoo..., se:cdpVersion: 85.0, setWindowRect: true, strictFileInteractability: false, timeouts: {implicit: 0, pageLoad: 300000, script: 30000}, unhandledPromptBehavior: dismiss and notify}\nSession ID: 25bac285-817e-44f1-a259-46fa6bcf41be","trace":"org.openqa.selenium.NoSuchElementException: Unable to locate element: //div[text()=' Samsung']\nFor documentation on this error, please visit: https://selenium.dev/exceptions/#no_such_element\nBuild info: version: '4.3.0', revision: 'a4995e2c09*'\nSystem info: host: 'KOROBASIK2070', ip: '192.168.88.111', os.name: 'Windows 10', os.arch: 'amd64', os.version: '10.0', java.version: '1.8.0_322'\nDriver info: org.openqa.selenium.firefox.FirefoxDriver\nCommand: [25bac285-817e-44f1-a259-46fa6bcf41be, findChildElement {id=1c93b784-a67c-4355-8f78-a4ea1cf2e072, using=xpath, value=//div[text()=' Samsung']}]\nCapabilities {acceptInsecureCerts: true, browserName: firefox, browserVersion: 103.0.1, moz:accessibilityChecks: false, moz:buildID: 20220729222726, moz:debuggerAddress: localhost:62028, moz:geckodriverVersion: 0.31.0, moz:headless: false, moz:platformVersion: 10.0, moz:processID: 35832, moz:profile: C:\\Users\\KOROBA~1\\AppData\\L..., moz:shutdownTimeout: 60000, moz:useNonSpecCompliantPointerOrigin: false, moz:webdriverClick: true, moz:windowless: false, pageLoadStrategy: normal, platformName: WINDOWS, proxy: Proxy(), se:cdp: ws://localhost:62028/devtoo..., se:cdpVersion: 85.0, setWindowRect: true, strictFileInteractability: false, timeouts: {implicit: 0, pageLoad: 300000, script: 30000}, unhandledPromptBehavior: dismiss and notify}\nSession ID: 25bac285-817e-44f1-a259-46fa6bcf41be\r\n\tat sun.reflect.NativeConstructorAccessorImpl.newInstance0(Native Method)\r\n\tat sun.reflect.NativeConstructorAccessorImpl.newInstance(NativeConstructorAccessorImpl.java:62)\r\n\tat sun.reflect.DelegatingConstructorAccessorImpl.newInstance(DelegatingConstructorAccessorImpl.java:45)\r\n\tat java.lang.reflect.Constructor.newInstance(Constructor.java:423)\r\n\tat org.openqa.selenium.remote.codec.w3c.W3CHttpResponseCodec.createException(W3CHttpResponseCodec.java:200)\r\n\tat org.openqa.selenium.remote.codec.w3c.W3CHttpResponseCodec.decode(W3CHttpResponseCodec.java:133)\r\n\tat org.openqa.selenium.remote.codec.w3c.W3CHttpResponseCodec.decode(W3CHttpResponseCodec.java:53)\r\n\tat org.openqa.selenium.remote.HttpCommandExecutor.execute(HttpCommandExecutor.java:184)\r\n\tat org.openqa.selenium.remote.service.DriverCommandExecutor.invokeExecute(DriverCommandExecutor.java:167)\r\n\tat org.openqa.selenium.remote.service.DriverCommandExecutor.execute(DriverCommandExecutor.java:142)\r\n\tat org.openqa.selenium.remote.RemoteWebDriver.execute(RemoteWebDriver.java:569)\r\n\tat org.openqa.selenium.remote.ElementLocation$ElementFinder$2.findElement(ElementLocation.java:162)\r\n\tat org.openqa.selenium.remote.ElementLocation.findElement(ElementLocation.java:60)\r\n\tat org.openqa.selenium.remote.RemoteWebDriver.findElement(RemoteWebDriver.java:387)\r\n\tat org.openqa.selenium.remote.RemoteWebElement.findElement(RemoteWebElement.java:227)\r\n\tat pageSteps.ProductPage.performanceComparison(ProductPage.java:35)\r\n\tat ✽.Выполнить проверки данных в разделе Характеристики по \"Модель\" -> \"Samsung\"(file:///C:/Users/Korobasik/IdeaProjects/TestTaskFromLanit/src/test/resources/scenarios/testsScenarios.feature:26)\r\n"},"stage":"finished","steps":[],"attachments":[],"parameters":[],"start":1660015586369,"stop":1660015606403},{"name":"Then  Закрыть браузер","status":"skipped","statusDetails":{"known":false,"muted":false,"flaky":false},"stage":"finished","steps":[],"attachments":[],"parameters":[],"start":1660015606403,"stop":1660015606403}],"attachments":[],"parameters":[],"start":1660015538501,"stop":1660015606404}