{"uuid":"96d61064-c547-45f9-ab62-1e2a71502c8d","historyId":"7a427f036c908ff7c448fd14b89b9cb5","fullName":"Тестирование подбора телефона по параметрам на сайте DNS: Тестирование выбора сматрфона по параметрам","labels":[{"name":"tag","value":"Test"},{"name":"host","value":"korobasik2070"},{"name":"thread","value":"3356@korobasik2070.main(1)"},{"name":"feature","value":"Тестирование подбора телефона по параметрам на сайте DNS"},{"name":"story","value":"Тестирование выбора сматрфона по параметрам"},{"name":"suite","value":"Тестирование подбора телефона по параметрам на сайте DNS"},{"name":"testClass","value":"Тестирование выбора сматрфона по параметрам"},{"name":"framework","value":"cucumber4jvm"},{"name":"language","value":"java"},{"name":"gherkin_uri","value":"file:///C:/Users/Korobasik/IdeaProjects/TestTaskFromLanit/src/test/resources/scenarios/testsScenarios.feature"},{"name":"package","value":"src.test.resources.scenarios.testsScenarios_feature.Тестирование подбора телефона по параметрам на сайте DNS"}],"links":[],"name":"Тестирование выбора сматрфона по параметрам","status":"broken","statusDetails":{"known":false,"muted":false,"flaky":false,"message":"Unable to locate element: //div[text()=' Samsdfgdfgdfgdfgung']\nFor documentation on this error, please visit: https://selenium.dev/exceptions/#no_such_element\nBuild info: version: '4.3.0', revision: 'a4995e2c09*'\nSystem info: host: 'KOROBASIK2070', ip: '192.168.88.111', os.name: 'Windows 10', os.arch: 'amd64', os.version: '10.0', java.version: '1.8.0_322'\nDriver info: org.openqa.selenium.firefox.FirefoxDriver\nCommand: [1a6c10c4-de37-44ae-b3db-93ac0f7f114a, findChildElement {id=56f4d616-b20e-4638-b26e-bef209061e23, using=xpath, value=//div[text()=' Samsdfgdfgdfgdfgung']}]\nCapabilities {acceptInsecureCerts: true, browserName: firefox, browserVersion: 103.0.1, moz:accessibilityChecks: false, moz:buildID: 20220729222726, moz:debuggerAddress: localhost:64796, moz:geckodriverVersion: 0.31.0, moz:headless: false, moz:platformVersion: 10.0, moz:processID: 30060, moz:profile: C:\\Users\\KOROBA~1\\AppData\\L..., moz:shutdownTimeout: 60000, moz:useNonSpecCompliantPointerOrigin: false, moz:webdriverClick: true, moz:windowless: false, pageLoadStrategy: normal, platformName: WINDOWS, proxy: Proxy(), se:cdp: ws://localhost:64796/devtoo..., se:cdpVersion: 85.0, setWindowRect: true, strictFileInteractability: false, timeouts: {implicit: 0, pageLoad: 300000, script: 30000}, unhandledPromptBehavior: dismiss and notify}\nSession ID: 1a6c10c4-de37-44ae-b3db-93ac0f7f114a","trace":"org.openqa.selenium.NoSuchElementException: Unable to locate element: //div[text()=' Samsdfgdfgdfgdfgung']\nFor documentation on this error, please visit: https://selenium.dev/exceptions/#no_such_element\nBuild info: version: '4.3.0', revision: 'a4995e2c09*'\nSystem info: host: 'KOROBASIK2070', ip: '192.168.88.111', os.name: 'Windows 10', os.arch: 'amd64', os.version: '10.0', java.version: '1.8.0_322'\nDriver info: org.openqa.selenium.firefox.FirefoxDriver\nCommand: [1a6c10c4-de37-44ae-b3db-93ac0f7f114a, findChildElement {id=56f4d616-b20e-4638-b26e-bef209061e23, using=xpath, value=//div[text()=' Samsdfgdfgdfgdfgung']}]\nCapabilities {acceptInsecureCerts: true, browserName: firefox, browserVersion: 103.0.1, moz:accessibilityChecks: false, moz:buildID: 20220729222726, moz:debuggerAddress: localhost:64796, moz:geckodriverVersion: 0.31.0, moz:headless: false, moz:platformVersion: 10.0, moz:processID: 30060, moz:profile: C:\\Users\\KOROBA~1\\AppData\\L..., moz:shutdownTimeout: 60000, moz:useNonSpecCompliantPointerOrigin: false, moz:webdriverClick: true, moz:windowless: false, pageLoadStrategy: normal, platformName: WINDOWS, proxy: Proxy(), se:cdp: ws://localhost:64796/devtoo..., se:cdpVersion: 85.0, setWindowRect: true, strictFileInteractability: false, timeouts: {implicit: 0, pageLoad: 300000, script: 30000}, unhandledPromptBehavior: dismiss and notify}\nSession ID: 1a6c10c4-de37-44ae-b3db-93ac0f7f114a\r\n\tat sun.reflect.NativeConstructorAccessorImpl.newInstance0(Native Method)\r\n\tat sun.reflect.NativeConstructorAccessorImpl.newInstance(NativeConstructorAccessorImpl.java:62)\r\n\tat sun.reflect.DelegatingConstructorAccessorImpl.newInstance(DelegatingConstructorAccessorImpl.java:45)\r\n\tat java.lang.reflect.Constructor.newInstance(Constructor.java:423)\r\n\tat org.openqa.selenium.remote.codec.w3c.W3CHttpResponseCodec.createException(W3CHttpResponseCodec.java:200)\r\n\tat org.openqa.selenium.remote.codec.w3c.W3CHttpResponseCodec.decode(W3CHttpResponseCodec.java:133)\r\n\tat org.openqa.selenium.remote.codec.w3c.W3CHttpResponseCodec.decode(W3CHttpResponseCodec.java:53)\r\n\tat org.openqa.selenium.remote.HttpCommandExecutor.execute(HttpCommandExecutor.java:184)\r\n\tat org.openqa.selenium.remote.service.DriverCommandExecutor.invokeExecute(DriverCommandExecutor.java:167)\r\n\tat org.openqa.selenium.remote.service.DriverCommandExecutor.execute(DriverCommandExecutor.java:142)\r\n\tat org.openqa.selenium.remote.RemoteWebDriver.execute(RemoteWebDriver.java:569)\r\n\tat org.openqa.selenium.remote.ElementLocation$ElementFinder$2.findElement(ElementLocation.java:162)\r\n\tat org.openqa.selenium.remote.ElementLocation.findElement(ElementLocation.java:60)\r\n\tat org.openqa.selenium.remote.RemoteWebDriver.findElement(RemoteWebDriver.java:387)\r\n\tat org.openqa.selenium.remote.RemoteWebElement.findElement(RemoteWebElement.java:227)\r\n\tat pageSteps.ProductPage.performanceComparison(ProductPage.java:35)\r\n\tat ✽.Выполнить проверки данных в разделе Характеристики по \"Модель\" -> \"Samsdfgdfgdfgdfgung\"(file:///C:/Users/Korobasik/IdeaProjects/TestTaskFromLanit/src/test/resources/scenarios/testsScenarios.feature:13)\r\n"},"stage":"finished","steps":[{"name":"When  Открываем сайт \"https://www.dns-shop.ru\"","status":"passed","statusDetails":{"known":false,"muted":false,"flaky":false},"stage":"finished","steps":[],"attachments":[],"parameters":[],"start":1660014707166,"stop":1660014711213},{"name":"When  Переходим в раздел \"Смартфоны и гаджеты\" -> \"Смартфоны\"","status":"passed","statusDetails":{"known":false,"muted":false,"flaky":false},"stage":"finished","steps":[],"attachments":[],"parameters":[],"start":1660014711215,"stop":1660014716959},{"name":"When  Отфильтровать список смартфонов по \"Производитель\" -> \"Samsung\"","status":"passed","statusDetails":{"known":false,"muted":false,"flaky":false},"stage":"finished","steps":[],"attachments":[],"parameters":[],"start":1660014716959,"stop":1660014728012},{"name":"When  Отфильтровать список смартфонов по \"Объем встроенной памяти (ГБ)\" -> \"256 ГБ\"","status":"passed","statusDetails":{"known":false,"muted":false,"flaky":false},"stage":"finished","steps":[],"attachments":[],"parameters":[],"start":1660014728012,"stop":1660014728768},{"name":"When  Принять фильтры","status":"passed","statusDetails":{"known":false,"muted":false,"flaky":false},"stage":"finished","steps":[],"attachments":[],"parameters":[],"start":1660014728768,"stop":1660014729021},{"name":"When  Отсортировать список смартфонов \"Сначала дорогие\"","status":"passed","statusDetails":{"known":false,"muted":false,"flaky":false},"stage":"finished","steps":[],"attachments":[],"parameters":[],"start":1660014729022,"stop":1660014739568},{"name":"When  Выбрать первый смартфон в списке и перейти на страницу товара","status":"passed","statusDetails":{"known":false,"muted":false,"flaky":false},"stage":"finished","steps":[],"attachments":[],"parameters":[],"start":1660014739568,"stop":1660014752460},{"name":"When  Выполнить проверки данных в разделе Характеристики по \"Объем встроенной памяти\" -> \"256 ГБ\"","status":"passed","statusDetails":{"known":false,"muted":false,"flaky":false},"stage":"finished","steps":[],"attachments":[],"parameters":[],"start":1660014752460,"stop":1660014752980},{"name":"When  Выполнить проверки данных в разделе Характеристики по \"Модель\" -> \"Samsdfgdfgdfgdfgung\"","status":"broken","statusDetails":{"known":false,"muted":false,"flaky":false,"message":"Unable to locate element: //div[text()=' Samsdfgdfgdfgdfgung']\nFor documentation on this error, please visit: https://selenium.dev/exceptions/#no_such_element\nBuild info: version: '4.3.0', revision: 'a4995e2c09*'\nSystem info: host: 'KOROBASIK2070', ip: '192.168.88.111', os.name: 'Windows 10', os.arch: 'amd64', os.version: '10.0', java.version: '1.8.0_322'\nDriver info: org.openqa.selenium.firefox.FirefoxDriver\nCommand: [1a6c10c4-de37-44ae-b3db-93ac0f7f114a, findChildElement {id=56f4d616-b20e-4638-b26e-bef209061e23, using=xpath, value=//div[text()=' Samsdfgdfgdfgdfgung']}]\nCapabilities {acceptInsecureCerts: true, browserName: firefox, browserVersion: 103.0.1, moz:accessibilityChecks: false, moz:buildID: 20220729222726, moz:debuggerAddress: localhost:64796, moz:geckodriverVersion: 0.31.0, moz:headless: false, moz:platformVersion: 10.0, moz:processID: 30060, moz:profile: C:\\Users\\KOROBA~1\\AppData\\L..., moz:shutdownTimeout: 60000, moz:useNonSpecCompliantPointerOrigin: false, moz:webdriverClick: true, moz:windowless: false, pageLoadStrategy: normal, platformName: WINDOWS, proxy: Proxy(), se:cdp: ws://localhost:64796/devtoo..., se:cdpVersion: 85.0, setWindowRect: true, strictFileInteractability: false, timeouts: {implicit: 0, pageLoad: 300000, script: 30000}, unhandledPromptBehavior: dismiss and notify}\nSession ID: 1a6c10c4-de37-44ae-b3db-93ac0f7f114a","trace":"org.openqa.selenium.NoSuchElementException: Unable to locate element: //div[text()=' Samsdfgdfgdfgdfgung']\nFor documentation on this error, please visit: https://selenium.dev/exceptions/#no_such_element\nBuild info: version: '4.3.0', revision: 'a4995e2c09*'\nSystem info: host: 'KOROBASIK2070', ip: '192.168.88.111', os.name: 'Windows 10', os.arch: 'amd64', os.version: '10.0', java.version: '1.8.0_322'\nDriver info: org.openqa.selenium.firefox.FirefoxDriver\nCommand: [1a6c10c4-de37-44ae-b3db-93ac0f7f114a, findChildElement {id=56f4d616-b20e-4638-b26e-bef209061e23, using=xpath, value=//div[text()=' Samsdfgdfgdfgdfgung']}]\nCapabilities {acceptInsecureCerts: true, browserName: firefox, browserVersion: 103.0.1, moz:accessibilityChecks: false, moz:buildID: 20220729222726, moz:debuggerAddress: localhost:64796, moz:geckodriverVersion: 0.31.0, moz:headless: false, moz:platformVersion: 10.0, moz:processID: 30060, moz:profile: C:\\Users\\KOROBA~1\\AppData\\L..., moz:shutdownTimeout: 60000, moz:useNonSpecCompliantPointerOrigin: false, moz:webdriverClick: true, moz:windowless: false, pageLoadStrategy: normal, platformName: WINDOWS, proxy: Proxy(), se:cdp: ws://localhost:64796/devtoo..., se:cdpVersion: 85.0, setWindowRect: true, strictFileInteractability: false, timeouts: {implicit: 0, pageLoad: 300000, script: 30000}, unhandledPromptBehavior: dismiss and notify}\nSession ID: 1a6c10c4-de37-44ae-b3db-93ac0f7f114a\r\n\tat sun.reflect.NativeConstructorAccessorImpl.newInstance0(Native Method)\r\n\tat sun.reflect.NativeConstructorAccessorImpl.newInstance(NativeConstructorAccessorImpl.java:62)\r\n\tat sun.reflect.DelegatingConstructorAccessorImpl.newInstance(DelegatingConstructorAccessorImpl.java:45)\r\n\tat java.lang.reflect.Constructor.newInstance(Constructor.java:423)\r\n\tat org.openqa.selenium.remote.codec.w3c.W3CHttpResponseCodec.createException(W3CHttpResponseCodec.java:200)\r\n\tat org.openqa.selenium.remote.codec.w3c.W3CHttpResponseCodec.decode(W3CHttpResponseCodec.java:133)\r\n\tat org.openqa.selenium.remote.codec.w3c.W3CHttpResponseCodec.decode(W3CHttpResponseCodec.java:53)\r\n\tat org.openqa.selenium.remote.HttpCommandExecutor.execute(HttpCommandExecutor.java:184)\r\n\tat org.openqa.selenium.remote.service.DriverCommandExecutor.invokeExecute(DriverCommandExecutor.java:167)\r\n\tat org.openqa.selenium.remote.service.DriverCommandExecutor.execute(DriverCommandExecutor.java:142)\r\n\tat org.openqa.selenium.remote.RemoteWebDriver.execute(RemoteWebDriver.java:569)\r\n\tat org.openqa.selenium.remote.ElementLocation$ElementFinder$2.findElement(ElementLocation.java:162)\r\n\tat org.openqa.selenium.remote.ElementLocation.findElement(ElementLocation.java:60)\r\n\tat org.openqa.selenium.remote.RemoteWebDriver.findElement(RemoteWebDriver.java:387)\r\n\tat org.openqa.selenium.remote.RemoteWebElement.findElement(RemoteWebElement.java:227)\r\n\tat pageSteps.ProductPage.performanceComparison(ProductPage.java:35)\r\n\tat ✽.Выполнить проверки данных в разделе Характеристики по \"Модель\" -> \"Samsdfgdfgdfgdfgung\"(file:///C:/Users/Korobasik/IdeaProjects/TestTaskFromLanit/src/test/resources/scenarios/testsScenarios.feature:13)\r\n"},"stage":"finished","steps":[],"attachments":[],"parameters":[],"start":1660014752980,"stop":1660014773024},{"name":"Then  Закрыть браузер","status":"skipped","statusDetails":{"known":false,"muted":false,"flaky":false},"stage":"finished","steps":[],"attachments":[],"parameters":[],"start":1660014773024,"stop":1660014773025}],"attachments":[],"parameters":[],"start":1660014707164,"stop":1660014773030}