{"uuid":"bdb99cef-e87a-4063-8943-698874503537","historyId":"7a427f036c908ff7c448fd14b89b9cb5","fullName":"Тестирование подбора телефона по параметрам на сайте DNS: Тестирование выбора сматрфона по параметрам","labels":[{"name":"tag","value":"Test"},{"name":"host","value":"korobasik2070"},{"name":"thread","value":"34144@korobasik2070.main(1)"},{"name":"feature","value":"Тестирование подбора телефона по параметрам на сайте DNS"},{"name":"story","value":"Тестирование выбора сматрфона по параметрам"},{"name":"suite","value":"Тестирование подбора телефона по параметрам на сайте DNS"},{"name":"testClass","value":"Тестирование выбора сматрфона по параметрам"},{"name":"framework","value":"cucumber4jvm"},{"name":"language","value":"java"},{"name":"gherkin_uri","value":"file:///C:/Users/Korobasik/IdeaProjects/TestTaskFromLanit/src/test/resources/scenarios/testsScenarios.feature"},{"name":"package","value":"src.test.resources.scenarios.testsScenarios_feature.Тестирование подбора телефона по параметрам на сайте DNS"}],"links":[],"name":"Тестирование выбора сматрфона по параметрам","status":"broken","statusDetails":{"known":false,"muted":false,"flaky":false,"message":"Unable to locate element: //div[text()=' Apple']\nFor documentation on this error, please visit: https://selenium.dev/exceptions/#no_such_element\nBuild info: version: '4.3.0', revision: 'a4995e2c09*'\nSystem info: host: 'KOROBASIK2070', ip: '192.168.88.111', os.name: 'Windows 10', os.arch: 'amd64', os.version: '10.0', java.version: '1.8.0_322'\nDriver info: org.openqa.selenium.firefox.FirefoxDriver\nCommand: [645a47a6-cb9e-4358-8dd5-69cbc24a305b, findChildElement {id=78483227-f7b8-4cbf-977a-9df56e4d2368, using=xpath, value=//div[text()=' Apple']}]\nCapabilities {acceptInsecureCerts: true, browserName: firefox, browserVersion: 103.0.1, moz:accessibilityChecks: false, moz:buildID: 20220729222726, moz:debuggerAddress: localhost:51154, moz:geckodriverVersion: 0.31.0, moz:headless: false, moz:platformVersion: 10.0, moz:processID: 31176, moz:profile: C:\\Users\\KOROBA~1\\AppData\\L..., moz:shutdownTimeout: 60000, moz:useNonSpecCompliantPointerOrigin: false, moz:webdriverClick: true, moz:windowless: false, pageLoadStrategy: normal, platformName: WINDOWS, proxy: Proxy(), se:cdp: ws://localhost:51154/devtoo..., se:cdpVersion: 85.0, setWindowRect: true, strictFileInteractability: false, timeouts: {implicit: 0, pageLoad: 300000, script: 30000}, unhandledPromptBehavior: dismiss and notify}\nSession ID: 645a47a6-cb9e-4358-8dd5-69cbc24a305b","trace":"org.openqa.selenium.NoSuchElementException: Unable to locate element: //div[text()=' Apple']\nFor documentation on this error, please visit: https://selenium.dev/exceptions/#no_such_element\nBuild info: version: '4.3.0', revision: 'a4995e2c09*'\nSystem info: host: 'KOROBASIK2070', ip: '192.168.88.111', os.name: 'Windows 10', os.arch: 'amd64', os.version: '10.0', java.version: '1.8.0_322'\nDriver info: org.openqa.selenium.firefox.FirefoxDriver\nCommand: [645a47a6-cb9e-4358-8dd5-69cbc24a305b, findChildElement {id=78483227-f7b8-4cbf-977a-9df56e4d2368, using=xpath, value=//div[text()=' Apple']}]\nCapabilities {acceptInsecureCerts: true, browserName: firefox, browserVersion: 103.0.1, moz:accessibilityChecks: false, moz:buildID: 20220729222726, moz:debuggerAddress: localhost:51154, moz:geckodriverVersion: 0.31.0, moz:headless: false, moz:platformVersion: 10.0, moz:processID: 31176, moz:profile: C:\\Users\\KOROBA~1\\AppData\\L..., moz:shutdownTimeout: 60000, moz:useNonSpecCompliantPointerOrigin: false, moz:webdriverClick: true, moz:windowless: false, pageLoadStrategy: normal, platformName: WINDOWS, proxy: Proxy(), se:cdp: ws://localhost:51154/devtoo..., se:cdpVersion: 85.0, setWindowRect: true, strictFileInteractability: false, timeouts: {implicit: 0, pageLoad: 300000, script: 30000}, unhandledPromptBehavior: dismiss and notify}\nSession ID: 645a47a6-cb9e-4358-8dd5-69cbc24a305b\r\n\tat sun.reflect.NativeConstructorAccessorImpl.newInstance0(Native Method)\r\n\tat sun.reflect.NativeConstructorAccessorImpl.newInstance(NativeConstructorAccessorImpl.java:62)\r\n\tat sun.reflect.DelegatingConstructorAccessorImpl.newInstance(DelegatingConstructorAccessorImpl.java:45)\r\n\tat java.lang.reflect.Constructor.newInstance(Constructor.java:423)\r\n\tat org.openqa.selenium.remote.codec.w3c.W3CHttpResponseCodec.createException(W3CHttpResponseCodec.java:200)\r\n\tat org.openqa.selenium.remote.codec.w3c.W3CHttpResponseCodec.decode(W3CHttpResponseCodec.java:133)\r\n\tat org.openqa.selenium.remote.codec.w3c.W3CHttpResponseCodec.decode(W3CHttpResponseCodec.java:53)\r\n\tat org.openqa.selenium.remote.HttpCommandExecutor.execute(HttpCommandExecutor.java:184)\r\n\tat org.openqa.selenium.remote.service.DriverCommandExecutor.invokeExecute(DriverCommandExecutor.java:167)\r\n\tat org.openqa.selenium.remote.service.DriverCommandExecutor.execute(DriverCommandExecutor.java:142)\r\n\tat org.openqa.selenium.remote.RemoteWebDriver.execute(RemoteWebDriver.java:569)\r\n\tat org.openqa.selenium.remote.ElementLocation$ElementFinder$2.findElement(ElementLocation.java:162)\r\n\tat org.openqa.selenium.remote.ElementLocation.findElement(ElementLocation.java:60)\r\n\tat org.openqa.selenium.remote.RemoteWebDriver.findElement(RemoteWebDriver.java:387)\r\n\tat org.openqa.selenium.remote.RemoteWebElement.findElement(RemoteWebElement.java:227)\r\n\tat pageSteps.ProductPage.performanceComparison(ProductPage.java:35)\r\n\tat ✽.Выполнить проверки данных в разделе Характеристики по \"Модель\" -> \"Apple\"(file:///C:/Users/Korobasik/IdeaProjects/TestTaskFromLanit/src/test/resources/scenarios/testsScenarios.feature:13)\r\n"},"stage":"finished","steps":[{"name":"When  Открываем сайт \"https://www.dns-shop.ru\"","status":"passed","statusDetails":{"known":false,"muted":false,"flaky":false},"stage":"finished","steps":[],"attachments":[],"parameters":[],"start":1660015472091,"stop":1660015476037},{"name":"When  Переходим в раздел \"Смартфоны и гаджеты\" -> \"Смартфоны\"","status":"passed","statusDetails":{"known":false,"muted":false,"flaky":false},"stage":"finished","steps":[],"attachments":[],"parameters":[],"start":1660015476041,"stop":1660015482109},{"name":"When  Отфильтровать список смартфонов по \"Производитель\" -> \"Samsung\"","status":"passed","statusDetails":{"known":false,"muted":false,"flaky":false},"stage":"finished","steps":[],"attachments":[],"parameters":[],"start":1660015482109,"stop":1660015493170},{"name":"When  Отфильтровать список смартфонов по \"Объем встроенной памяти (ГБ)\" -> \"256 ГБ\"","status":"passed","statusDetails":{"known":false,"muted":false,"flaky":false},"stage":"finished","steps":[],"attachments":[],"parameters":[],"start":1660015493170,"stop":1660015493936},{"name":"When  Принять фильтры","status":"passed","statusDetails":{"known":false,"muted":false,"flaky":false},"stage":"finished","steps":[],"attachments":[],"parameters":[],"start":1660015493937,"stop":1660015494188},{"name":"When  Отсортировать список смартфонов \"Сначала дорогие\"","status":"passed","statusDetails":{"known":false,"muted":false,"flaky":false},"stage":"finished","steps":[],"attachments":[],"parameters":[],"start":1660015494188,"stop":1660015504741},{"name":"When  Выбрать первый смартфон в списке и перейти на страницу товара","status":"passed","statusDetails":{"known":false,"muted":false,"flaky":false},"stage":"finished","steps":[],"attachments":[],"parameters":[],"start":1660015504742,"stop":1660015517907},{"name":"When  Выполнить проверки данных в разделе Характеристики по \"Объем встроенной памяти\" -> \"256 ГБ\"","status":"passed","statusDetails":{"known":false,"muted":false,"flaky":false},"stage":"finished","steps":[],"attachments":[],"parameters":[],"start":1660015517908,"stop":1660015518399},{"name":"When  Выполнить проверки данных в разделе Характеристики по \"Модель\" -> \"Apple\"","status":"broken","statusDetails":{"known":false,"muted":false,"flaky":false,"message":"Unable to locate element: //div[text()=' Apple']\nFor documentation on this error, please visit: https://selenium.dev/exceptions/#no_such_element\nBuild info: version: '4.3.0', revision: 'a4995e2c09*'\nSystem info: host: 'KOROBASIK2070', ip: '192.168.88.111', os.name: 'Windows 10', os.arch: 'amd64', os.version: '10.0', java.version: '1.8.0_322'\nDriver info: org.openqa.selenium.firefox.FirefoxDriver\nCommand: [645a47a6-cb9e-4358-8dd5-69cbc24a305b, findChildElement {id=78483227-f7b8-4cbf-977a-9df56e4d2368, using=xpath, value=//div[text()=' Apple']}]\nCapabilities {acceptInsecureCerts: true, browserName: firefox, browserVersion: 103.0.1, moz:accessibilityChecks: false, moz:buildID: 20220729222726, moz:debuggerAddress: localhost:51154, moz:geckodriverVersion: 0.31.0, moz:headless: false, moz:platformVersion: 10.0, moz:processID: 31176, moz:profile: C:\\Users\\KOROBA~1\\AppData\\L..., moz:shutdownTimeout: 60000, moz:useNonSpecCompliantPointerOrigin: false, moz:webdriverClick: true, moz:windowless: false, pageLoadStrategy: normal, platformName: WINDOWS, proxy: Proxy(), se:cdp: ws://localhost:51154/devtoo..., se:cdpVersion: 85.0, setWindowRect: true, strictFileInteractability: false, timeouts: {implicit: 0, pageLoad: 300000, script: 30000}, unhandledPromptBehavior: dismiss and notify}\nSession ID: 645a47a6-cb9e-4358-8dd5-69cbc24a305b","trace":"org.openqa.selenium.NoSuchElementException: Unable to locate element: //div[text()=' Apple']\nFor documentation on this error, please visit: https://selenium.dev/exceptions/#no_such_element\nBuild info: version: '4.3.0', revision: 'a4995e2c09*'\nSystem info: host: 'KOROBASIK2070', ip: '192.168.88.111', os.name: 'Windows 10', os.arch: 'amd64', os.version: '10.0', java.version: '1.8.0_322'\nDriver info: org.openqa.selenium.firefox.FirefoxDriver\nCommand: [645a47a6-cb9e-4358-8dd5-69cbc24a305b, findChildElement {id=78483227-f7b8-4cbf-977a-9df56e4d2368, using=xpath, value=//div[text()=' Apple']}]\nCapabilities {acceptInsecureCerts: true, browserName: firefox, browserVersion: 103.0.1, moz:accessibilityChecks: false, moz:buildID: 20220729222726, moz:debuggerAddress: localhost:51154, moz:geckodriverVersion: 0.31.0, moz:headless: false, moz:platformVersion: 10.0, moz:processID: 31176, moz:profile: C:\\Users\\KOROBA~1\\AppData\\L..., moz:shutdownTimeout: 60000, moz:useNonSpecCompliantPointerOrigin: false, moz:webdriverClick: true, moz:windowless: false, pageLoadStrategy: normal, platformName: WINDOWS, proxy: Proxy(), se:cdp: ws://localhost:51154/devtoo..., se:cdpVersion: 85.0, setWindowRect: true, strictFileInteractability: false, timeouts: {implicit: 0, pageLoad: 300000, script: 30000}, unhandledPromptBehavior: dismiss and notify}\nSession ID: 645a47a6-cb9e-4358-8dd5-69cbc24a305b\r\n\tat sun.reflect.NativeConstructorAccessorImpl.newInstance0(Native Method)\r\n\tat sun.reflect.NativeConstructorAccessorImpl.newInstance(NativeConstructorAccessorImpl.java:62)\r\n\tat sun.reflect.DelegatingConstructorAccessorImpl.newInstance(DelegatingConstructorAccessorImpl.java:45)\r\n\tat java.lang.reflect.Constructor.newInstance(Constructor.java:423)\r\n\tat org.openqa.selenium.remote.codec.w3c.W3CHttpResponseCodec.createException(W3CHttpResponseCodec.java:200)\r\n\tat org.openqa.selenium.remote.codec.w3c.W3CHttpResponseCodec.decode(W3CHttpResponseCodec.java:133)\r\n\tat org.openqa.selenium.remote.codec.w3c.W3CHttpResponseCodec.decode(W3CHttpResponseCodec.java:53)\r\n\tat org.openqa.selenium.remote.HttpCommandExecutor.execute(HttpCommandExecutor.java:184)\r\n\tat org.openqa.selenium.remote.service.DriverCommandExecutor.invokeExecute(DriverCommandExecutor.java:167)\r\n\tat org.openqa.selenium.remote.service.DriverCommandExecutor.execute(DriverCommandExecutor.java:142)\r\n\tat org.openqa.selenium.remote.RemoteWebDriver.execute(RemoteWebDriver.java:569)\r\n\tat org.openqa.selenium.remote.ElementLocation$ElementFinder$2.findElement(ElementLocation.java:162)\r\n\tat org.openqa.selenium.remote.ElementLocation.findElement(ElementLocation.java:60)\r\n\tat org.openqa.selenium.remote.RemoteWebDriver.findElement(RemoteWebDriver.java:387)\r\n\tat org.openqa.selenium.remote.RemoteWebElement.findElement(RemoteWebElement.java:227)\r\n\tat pageSteps.ProductPage.performanceComparison(ProductPage.java:35)\r\n\tat ✽.Выполнить проверки данных в разделе Характеристики по \"Модель\" -> \"Apple\"(file:///C:/Users/Korobasik/IdeaProjects/TestTaskFromLanit/src/test/resources/scenarios/testsScenarios.feature:13)\r\n"},"stage":"finished","steps":[],"attachments":[],"parameters":[],"start":1660015518399,"stop":1660015538445},{"name":"Then  Закрыть браузер","status":"skipped","statusDetails":{"known":false,"muted":false,"flaky":false},"stage":"finished","steps":[],"attachments":[],"parameters":[],"start":1660015538445,"stop":1660015538446}],"attachments":[],"parameters":[],"start":1660015472089,"stop":1660015538451}